<?xml version="1.0" encoding="UTF-8"?>
<testsuite xmlns:xsi="http://www.w3.org/2001/XMLSchema-instance" xsi:noNamespaceSchemaLocation="https://maven.apache.org/surefire/maven-surefire-plugin/xsd/surefire-test-report-3.0.xsd" version="3.0" name="org.eclipse.leshan.server.redis.serialization.RegistrationSerDesTest" time="0.287" tests="2" errors="0" skipped="0" failures="0">
  <properties>
[...]
</properties>
  <testcase name="ser_and_des_are_equals_with_app_data" classname="org.eclipse.leshan.server.redis.serialization.RegistrationSerDesTest" time="0.287"/>
  <testcase name="ser_and_des_are_equals" classname="org.eclipse.leshan.server.redis.serialization.RegistrationSerDesTest" time="0"/>
</testsuite>